<?xml version="1.0" encoding="UTF-8"?>
<!-- Generated by org.testng.reporters.JUnitReportReporter -->
<testsuite hostname="DESKTOP-G3ME3PH" failures="0" tests="1" name="TestMethods.GoogleTest" time="17.949" errors="0" timestamp="2023-12-09T11:16:08 IST" skipped="0">
  <testcase classname="TestMethods.GoogleTest" name="logGoogle" time="17.949"/>
</testsuite> <!-- TestMethods.GoogleTest -->
